05 Jan 2021 20:16:14,717 INFO  ~ Starting /home/axl/Desktop/workspace/ProjectePES
05 Jan 2021 20:16:14,953 INFO  ~ Module docviewer is available (/home/axl/play-1.5.3/modules/docviewer)
05 Jan 2021 20:16:15,497 WARN  ~ You're running Play! in DEV mode
05 Jan 2021 20:16:15,572 INFO  ~ Listening for HTTP on port 9000 (Waiting a first request to start) ...
05 Jan 2021 20:16:28,473 ERROR ~ 

@7ib9fgfj6
Internal Server Error (500) for request GET /@tests

Compilation error (In /test/BasicTest.java around line 80)
The file /test/BasicTest.java could not be compiled. Error raised is : Examn cannot be resolved

play.exceptions.CompilationException: Examn cannot be resolved
	at play.classloading.ApplicationCompiler$2.acceptResult(ApplicationCompiler.java:279)
	at org.eclipse.jdt.internal.compiler.Compiler.handleInternalException(Compiler.java:800)
	at org.eclipse.jdt.internal.compiler.Compiler.processCompiledUnits(Compiler.java:642)
	at org.eclipse.jdt.internal.compiler.Compiler.compile(Compiler.java:475)
	at org.eclipse.jdt.internal.compiler.Compiler.compile(Compiler.java:426)
	at play.classloading.ApplicationCompiler.compile(ApplicationCompiler.java:314)
	at play.classloading.ApplicationClassloader.getAllClasses(ApplicationClassloader.java:438)
	at play.Play.start(Play.java:547)
	at play.Play.detectChanges(Play.java:680)
	at play.Invoker$Invocation.init(Invoker.java:220)
	at Invocation.HTTP Request(Play!)
05 Jan 2021 20:16:39,040 ERROR ~ Restart: null
java.lang.NullPointerException
	at java.instrument/java.lang.instrument.ClassDefinition.<init>(ClassDefinition.java:63)
	at play.classloading.ApplicationClassloader.detectChanges(ApplicationClassloader.java:344)
	at play.Play.detectChanges(Play.java:663)
	at play.Invoker$Invocation.init(Invoker.java:220)
	at Invocation.HTTP Request(Play!)
05 Jan 2021 20:16:39,679 INFO  ~ HikariPool-1 - Starting...
05 Jan 2021 20:16:39,701 INFO  ~ HikariPool-1 - Start completed.
05 Jan 2021 20:16:39,719 INFO  ~ Connected to jdbc:h2:mem:play for default
05 Jan 2021 20:16:41,179 INFO  ~ Application 'app' is now started !
05 Jan 2021 20:18:49,866 ERROR ~ 

@7ib9fgfj8
Internal Server Error (500) for request GET /@tests/init

Compilation error (In /test/BasicTest.java around line 1)
The file /test/BasicTest.java could not be compiled. Error raised is : org.apache.xpath.axes.AxesWalker cannot be resolved

play.exceptions.CompilationException: org.apache.xpath.axes.AxesWalker cannot be resolved
	at play.classloading.ApplicationCompiler$2.acceptResult(ApplicationCompiler.java:279)
	at org.eclipse.jdt.internal.compiler.Compiler.handleInternalException(Compiler.java:800)
	at org.eclipse.jdt.internal.compiler.Compiler.processCompiledUnits(Compiler.java:642)
	at org.eclipse.jdt.internal.compiler.Compiler.compile(Compiler.java:475)
	at org.eclipse.jdt.internal.compiler.Compiler.compile(Compiler.java:426)
	at play.classloading.ApplicationCompiler.compile(ApplicationCompiler.java:314)
	at play.classloading.ApplicationClasses$ApplicationClass.compile(ApplicationClasses.java:315)
	at play.classloading.ApplicationClassloader.detectChanges(ApplicationClassloader.java:334)
	at play.Play.detectChanges(Play.java:663)
	at play.Invoker$Invocation.init(Invoker.java:220)
	at Invocation.HTTP Request(Play!)
05 Jan 2021 20:18:49,912 ERROR ~ 

@7ib9fgfj9
Internal Server Error (500) for request GET /@tests?select=BasicTest.class

Compilation error (In /test/BasicTest.java around line 1)
The file /test/BasicTest.java could not be compiled. Error raised is : org.apache.xpath.axes.AxesWalker cannot be resolved

play.exceptions.CompilationException: org.apache.xpath.axes.AxesWalker cannot be resolved
	at play.classloading.ApplicationCompiler$2.acceptResult(ApplicationCompiler.java:279)
	at org.eclipse.jdt.internal.compiler.Compiler.handleInternalException(Compiler.java:800)
	at org.eclipse.jdt.internal.compiler.Compiler.processCompiledUnits(Compiler.java:642)
	at org.eclipse.jdt.internal.compiler.Compiler.compile(Compiler.java:475)
	at org.eclipse.jdt.internal.compiler.Compiler.compile(Compiler.java:426)
	at play.classloading.ApplicationCompiler.compile(ApplicationCompiler.java:314)
	at play.classloading.ApplicationClasses$ApplicationClass.compile(ApplicationClasses.java:315)
	at play.classloading.ApplicationClassloader.detectChanges(ApplicationClassloader.java:334)
	at play.Play.detectChanges(Play.java:663)
	at play.Invoker$Invocation.init(Invoker.java:220)
	at Invocation.HTTP Request(Play!)
05 Jan 2021 20:18:49,938 ERROR ~ 

@7ib9fgfja
Internal Server Error (500) for request GET /@tests/end?result=passed

Compilation error (In /test/BasicTest.java around line 1)
The file /test/BasicTest.java could not be compiled. Error raised is : org.apache.xpath.axes.AxesWalker cannot be resolved

play.exceptions.CompilationException: org.apache.xpath.axes.AxesWalker cannot be resolved
	at play.classloading.ApplicationCompiler$2.acceptResult(ApplicationCompiler.java:279)
	at org.eclipse.jdt.internal.compiler.Compiler.handleInternalException(Compiler.java:800)
	at org.eclipse.jdt.internal.compiler.Compiler.processCompiledUnits(Compiler.java:642)
	at org.eclipse.jdt.internal.compiler.Compiler.compile(Compiler.java:475)
	at org.eclipse.jdt.internal.compiler.Compiler.compile(Compiler.java:426)
	at play.classloading.ApplicationCompiler.compile(ApplicationCompiler.java:314)
	at play.classloading.ApplicationClasses$ApplicationClass.compile(ApplicationClasses.java:315)
	at play.classloading.ApplicationClassloader.detectChanges(ApplicationClassloader.java:334)
	at play.Play.detectChanges(Play.java:663)
	at play.Invoker$Invocation.init(Invoker.java:220)
	at Invocation.HTTP Request(Play!)
05 Jan 2021 20:20:06,241 ERROR ~ 

@7ib9fgfjb
Internal Server Error (500) for request GET /@tests?select=BasicTest.class

Compilation error (In /test/BasicTest.java around line 31)
The file /test/BasicTest.java could not be compiled. Error raised is : Test cannot be resolved to a type

play.exceptions.CompilationException: Test cannot be resolved to a type
	at play.classloading.ApplicationCompiler$2.acceptResult(ApplicationCompiler.java:279)
	at org.eclipse.jdt.internal.compiler.Compiler.handleInternalException(Compiler.java:800)
	at org.eclipse.jdt.internal.compiler.Compiler.processCompiledUnits(Compiler.java:642)
	at org.eclipse.jdt.internal.compiler.Compiler.compile(Compiler.java:475)
	at org.eclipse.jdt.internal.compiler.Compiler.compile(Compiler.java:426)
	at play.classloading.ApplicationCompiler.compile(ApplicationCompiler.java:314)
	at play.classloading.ApplicationClasses$ApplicationClass.compile(ApplicationClasses.java:315)
	at play.classloading.ApplicationClassloader.detectChanges(ApplicationClassloader.java:334)
	at play.Play.detectChanges(Play.java:663)
	at play.Invoker$Invocation.init(Invoker.java:220)
	at Invocation.HTTP Request(Play!)
05 Jan 2021 20:20:48,319 ERROR ~ 

@7ib9fgfjc
Internal Server Error (500) for request GET /@tests?select=BasicTest.class

Compilation error (In /test/BasicTest.java around line 1)
The file /test/BasicTest.java could not be compiled. Error raised is : org.apache.xpath.axes.AxesWalker cannot be resolved

play.exceptions.CompilationException: org.apache.xpath.axes.AxesWalker cannot be resolved
	at play.classloading.ApplicationCompiler$2.acceptResult(ApplicationCompiler.java:279)
	at org.eclipse.jdt.internal.compiler.Compiler.handleInternalException(Compiler.java:800)
	at org.eclipse.jdt.internal.compiler.Compiler.processCompiledUnits(Compiler.java:642)
	at org.eclipse.jdt.internal.compiler.Compiler.compile(Compiler.java:475)
	at org.eclipse.jdt.internal.compiler.Compiler.compile(Compiler.java:426)
	at play.classloading.ApplicationCompiler.compile(ApplicationCompiler.java:314)
	at play.classloading.ApplicationClasses$ApplicationClass.compile(ApplicationClasses.java:315)
	at play.classloading.ApplicationClassloader.detectChanges(ApplicationClassloader.java:334)
	at play.Play.detectChanges(Play.java:663)
	at play.Invoker$Invocation.init(Invoker.java:220)
	at Invocation.HTTP Request(Play!)
05 Jan 2021 20:25:00,678 ERROR ~ 

@7ib9fgfjf
Internal Server Error (500) for request GET /@tests/init

Compilation error (In /test/BasicTest.java around line 86)
The file /test/BasicTest.java could not be compiled. Error raised is : axel.courses cannot be resolved to a type

play.exceptions.CompilationException: axel.courses cannot be resolved to a type
	at play.classloading.ApplicationCompiler$2.acceptResult(ApplicationCompiler.java:279)
	at org.eclipse.jdt.internal.compiler.Compiler.handleInternalException(Compiler.java:800)
	at org.eclipse.jdt.internal.compiler.Compiler.processCompiledUnits(Compiler.java:642)
	at org.eclipse.jdt.internal.compiler.Compiler.compile(Compiler.java:475)
	at org.eclipse.jdt.internal.compiler.Compiler.compile(Compiler.java:426)
	at play.classloading.ApplicationCompiler.compile(ApplicationCompiler.java:314)
	at play.classloading.ApplicationClasses$ApplicationClass.compile(ApplicationClasses.java:315)
	at play.classloading.ApplicationClassloader.detectChanges(ApplicationClassloader.java:334)
	at play.Play.detectChanges(Play.java:663)
	at play.Invoker$Invocation.init(Invoker.java:220)
	at Invocation.HTTP Request(Play!)
05 Jan 2021 20:25:00,763 ERROR ~ 

@7ib9fgfjg
Internal Server Error (500) for request GET /@tests?select=BasicTest.class

Compilation error (In /test/BasicTest.java around line 86)
The file /test/BasicTest.java could not be compiled. Error raised is : axel.courses cannot be resolved to a type

play.exceptions.CompilationException: axel.courses cannot be resolved to a type
	at play.classloading.ApplicationCompiler$2.acceptResult(ApplicationCompiler.java:279)
	at org.eclipse.jdt.internal.compiler.Compiler.handleInternalException(Compiler.java:800)
	at org.eclipse.jdt.internal.compiler.Compiler.processCompiledUnits(Compiler.java:642)
	at org.eclipse.jdt.internal.compiler.Compiler.compile(Compiler.java:475)
	at org.eclipse.jdt.internal.compiler.Compiler.compile(Compiler.java:426)
	at play.classloading.ApplicationCompiler.compile(ApplicationCompiler.java:314)
	at play.classloading.ApplicationClasses$ApplicationClass.compile(ApplicationClasses.java:315)
	at play.classloading.ApplicationClassloader.detectChanges(ApplicationClassloader.java:334)
	at play.Play.detectChanges(Play.java:663)
	at play.Invoker$Invocation.init(Invoker.java:220)
	at Invocation.HTTP Request(Play!)
05 Jan 2021 20:25:00,935 ERROR ~ 

@7ib9fgfjh
Internal Server Error (500) for request GET /@tests/end?result=passed

Compilation error (In /test/BasicTest.java around line 86)
The file /test/BasicTest.java could not be compiled. Error raised is : axel.courses cannot be resolved to a type

play.exceptions.CompilationException: axel.courses cannot be resolved to a type
	at play.classloading.ApplicationCompiler$2.acceptResult(ApplicationCompiler.java:279)
	at org.eclipse.jdt.internal.compiler.Compiler.handleInternalException(Compiler.java:800)
	at org.eclipse.jdt.internal.compiler.Compiler.processCompiledUnits(Compiler.java:642)
	at org.eclipse.jdt.internal.compiler.Compiler.compile(Compiler.java:475)
	at org.eclipse.jdt.internal.compiler.Compiler.compile(Compiler.java:426)
	at play.classloading.ApplicationCompiler.compile(ApplicationCompiler.java:314)
	at play.classloading.ApplicationClasses$ApplicationClass.compile(ApplicationClasses.java:315)
	at play.classloading.ApplicationClassloader.detectChanges(ApplicationClassloader.java:334)
	at play.Play.detectChanges(Play.java:663)
	at play.Invoker$Invocation.init(Invoker.java:220)
	at Invocation.HTTP Request(Play!)
05 Jan 2021 20:28:03,876 ERROR ~ 

@7ib9fgfji
Internal Server Error (500) for request GET /@tests?select=BasicTest.class

Compilation error (In /test/BasicTest.java around line 86)
The file /test/BasicTest.java could not be compiled. Error raised is : pes.percentageLeft cannot be resolved to a type

play.exceptions.CompilationException: pes.percentageLeft cannot be resolved to a type
	at play.classloading.ApplicationCompiler$2.acceptResult(ApplicationCompiler.java:279)
	at org.eclipse.jdt.internal.compiler.Compiler.handleInternalException(Compiler.java:800)
	at org.eclipse.jdt.internal.compiler.Compiler.processCompiledUnits(Compiler.java:642)
	at org.eclipse.jdt.internal.compiler.Compiler.compile(Compiler.java:475)
	at org.eclipse.jdt.internal.compiler.Compiler.compile(Compiler.java:426)
	at play.classloading.ApplicationCompiler.compile(ApplicationCompiler.java:314)
	at play.classloading.ApplicationClasses$ApplicationClass.compile(ApplicationClasses.java:315)
	at play.classloading.ApplicationClassloader.detectChanges(ApplicationClassloader.java:334)
	at play.Play.detectChanges(Play.java:663)
	at play.Invoker$Invocation.init(Invoker.java:220)
	at Invocation.HTTP Request(Play!)
05 Jan 2021 20:39:04,827 ERROR ~ 

@7ib9fgfjj
Internal Server Error (500) for request GET /@tests/init

Compilation error (In /test/BasicTest.java around line 86)
The file /test/BasicTest.java could not be compiled. Error raised is : Type mismatch: cannot convert from GenericModel.JPAQuery to List&lt;Course>

play.exceptions.CompilationException: Type mismatch: cannot convert from GenericModel.JPAQuery to List<Course>
	at play.classloading.ApplicationCompiler$2.acceptResult(ApplicationCompiler.java:279)
	at org.eclipse.jdt.internal.compiler.Compiler.handleInternalException(Compiler.java:800)
	at org.eclipse.jdt.internal.compiler.Compiler.processCompiledUnits(Compiler.java:642)
	at org.eclipse.jdt.internal.compiler.Compiler.compile(Compiler.java:475)
	at org.eclipse.jdt.internal.compiler.Compiler.compile(Compiler.java:426)
	at play.classloading.ApplicationCompiler.compile(ApplicationCompiler.java:314)
	at play.classloading.ApplicationClasses$ApplicationClass.compile(ApplicationClasses.java:315)
	at play.classloading.ApplicationClassloader.detectChanges(ApplicationClassloader.java:334)
	at play.Play.detectChanges(Play.java:663)
	at play.Invoker$Invocation.init(Invoker.java:220)
	at Invocation.HTTP Request(Play!)
05 Jan 2021 20:39:04,902 ERROR ~ 

@7ib9fgfjk
Internal Server Error (500) for request GET /@tests?select=BasicTest.class

Compilation error (In /test/BasicTest.java around line 86)
The file /test/BasicTest.java could not be compiled. Error raised is : Type mismatch: cannot convert from GenericModel.JPAQuery to List&lt;Course>

play.exceptions.CompilationException: Type mismatch: cannot convert from GenericModel.JPAQuery to List<Course>
	at play.classloading.ApplicationCompiler$2.acceptResult(ApplicationCompiler.java:279)
	at org.eclipse.jdt.internal.compiler.Compiler.handleInternalException(Compiler.java:800)
	at org.eclipse.jdt.internal.compiler.Compiler.processCompiledUnits(Compiler.java:642)
	at org.eclipse.jdt.internal.compiler.Compiler.compile(Compiler.java:475)
	at org.eclipse.jdt.internal.compiler.Compiler.compile(Compiler.java:426)
	at play.classloading.ApplicationCompiler.compile(ApplicationCompiler.java:314)
	at play.classloading.ApplicationClasses$ApplicationClass.compile(ApplicationClasses.java:315)
	at play.classloading.ApplicationClassloader.detectChanges(ApplicationClassloader.java:334)
	at play.Play.detectChanges(Play.java:663)
	at play.Invoker$Invocation.init(Invoker.java:220)
	at Invocation.HTTP Request(Play!)
05 Jan 2021 20:39:05,031 ERROR ~ 

@7ib9fgfjl
Internal Server Error (500) for request GET /@tests/end?result=passed

Compilation error (In /test/BasicTest.java around line 86)
The file /test/BasicTest.java could not be compiled. Error raised is : Type mismatch: cannot convert from GenericModel.JPAQuery to List&lt;Course>

play.exceptions.CompilationException: Type mismatch: cannot convert from GenericModel.JPAQuery to List<Course>
	at play.classloading.ApplicationCompiler$2.acceptResult(ApplicationCompiler.java:279)
	at org.eclipse.jdt.internal.compiler.Compiler.handleInternalException(Compiler.java:800)
	at org.eclipse.jdt.internal.compiler.Compiler.processCompiledUnits(Compiler.java:642)
	at org.eclipse.jdt.internal.compiler.Compiler.compile(Compiler.java:475)
	at org.eclipse.jdt.internal.compiler.Compiler.compile(Compiler.java:426)
	at play.classloading.ApplicationCompiler.compile(ApplicationCompiler.java:314)
	at play.classloading.ApplicationClasses$ApplicationClass.compile(ApplicationClasses.java:315)
	at play.classloading.ApplicationClassloader.detectChanges(ApplicationClassloader.java:334)
	at play.Play.detectChanges(Play.java:663)
	at play.Invoker$Invocation.init(Invoker.java:220)
	at Invocation.HTTP Request(Play!)
05 Jan 2021 20:40:14,556 ERROR ~ 

@7ib9fgfjm
Internal Server Error (500) for request GET /@tests?select=BasicTest.class

Compilation error (In /test/BasicTest.java around line 86)
The file /test/BasicTest.java could not be compiled. Error raised is : The method all() is undefined for the type GenericModel.JPAQuery

play.exceptions.CompilationException: The method all() is undefined for the type GenericModel.JPAQuery
	at play.classloading.ApplicationCompiler$2.acceptResult(ApplicationCompiler.java:279)
	at org.eclipse.jdt.internal.compiler.Compiler.handleInternalException(Compiler.java:800)
	at org.eclipse.jdt.internal.compiler.Compiler.processCompiledUnits(Compiler.java:642)
	at org.eclipse.jdt.internal.compiler.Compiler.compile(Compiler.java:475)
	at org.eclipse.jdt.internal.compiler.Compiler.compile(Compiler.java:426)
	at play.classloading.ApplicationCompiler.compile(ApplicationCompiler.java:314)
	at play.classloading.ApplicationClasses$ApplicationClass.compile(ApplicationClasses.java:315)
	at play.classloading.ApplicationClassloader.detectChanges(ApplicationClassloader.java:334)
	at play.Play.detectChanges(Play.java:663)
	at play.Invoker$Invocation.init(Invoker.java:220)
	at Invocation.HTTP Request(Play!)
05 Jan 2021 20:40:55,204 INFO  ~ Restart: Signature change !
05 Jan 2021 20:41:56,144 ERROR ~ 

@7ib9fgfjp
Internal Server Error (500) for request GET /@tests?select=BasicTest.class

Compilation error (In /test/BasicTest.java around line 86)
The file /test/BasicTest.java could not be compiled. Error raised is : axel cannot be resolved to a variable

play.exceptions.CompilationException: axel cannot be resolved to a variable
	at play.classloading.ApplicationCompiler$2.acceptResult(ApplicationCompiler.java:279)
	at org.eclipse.jdt.internal.compiler.Compiler.handleInternalException(Compiler.java:800)
	at org.eclipse.jdt.internal.compiler.Compiler.processCompiledUnits(Compiler.java:642)
	at org.eclipse.jdt.internal.compiler.Compiler.compile(Compiler.java:475)
	at org.eclipse.jdt.internal.compiler.Compiler.compile(Compiler.java:426)
	at play.classloading.ApplicationCompiler.compile(ApplicationCompiler.java:314)
	at play.classloading.ApplicationClasses$ApplicationClass.compile(ApplicationClasses.java:315)
	at play.classloading.ApplicationClassloader.detectChanges(ApplicationClassloader.java:334)
	at play.Play.detectChanges(Play.java:663)
	at play.Invoker$Invocation.init(Invoker.java:220)
	at Invocation.HTTP Request(Play!)
05 Jan 2021 20:50:51,565 INFO  ~ Restart: Signature change !
05 Jan 2021 20:54:44,128 INFO  ~ Restart: Signature change !
05 Jan 2021 21:01:57,060 ERROR ~ 

@7ib9fgfk5
Internal Server Error (500) for request GET /@tests?select=BasicTest.class

Compilation error (In /test/BasicTest.java around line 96)
The file /test/BasicTest.java could not be compiled. Error raised is : percentageLeft cannot be resolved or is not a field

play.exceptions.CompilationException: percentageLeft cannot be resolved or is not a field
	at play.classloading.ApplicationCompiler$2.acceptResult(ApplicationCompiler.java:279)
	at org.eclipse.jdt.internal.compiler.Compiler.handleInternalException(Compiler.java:800)
	at org.eclipse.jdt.internal.compiler.Compiler.processCompiledUnits(Compiler.java:642)
	at org.eclipse.jdt.internal.compiler.Compiler.compile(Compiler.java:475)
	at org.eclipse.jdt.internal.compiler.Compiler.compile(Compiler.java:426)
	at play.classloading.ApplicationCompiler.compile(ApplicationCompiler.java:314)
	at play.classloading.ApplicationClasses$ApplicationClass.compile(ApplicationClasses.java:315)
	at play.classloading.ApplicationClassloader.detectChanges(ApplicationClassloader.java:334)
	at play.Play.detectChanges(Play.java:663)
	at play.Invoker$Invocation.init(Invoker.java:220)
	at Invocation.HTTP Request(Play!)
05 Jan 2021 21:03:17,807 ERROR ~ 

@7ib9fgfk6
Internal Server Error (500) for request GET /@tests?select=BasicTest.class

Compilation error (In /test/BasicTest.java around line 96)
The file /test/BasicTest.java could not be compiled. Error raised is : exams cannot be resolved or is not a field

play.exceptions.CompilationException: exams cannot be resolved or is not a field
	at play.classloading.ApplicationCompiler$2.acceptResult(ApplicationCompiler.java:279)
	at org.eclipse.jdt.internal.compiler.Compiler.handleInternalException(Compiler.java:800)
	at org.eclipse.jdt.internal.compiler.Compiler.processCompiledUnits(Compiler.java:642)
	at org.eclipse.jdt.internal.compiler.Compiler.compile(Compiler.java:475)
	at org.eclipse.jdt.internal.compiler.Compiler.compile(Compiler.java:426)
	at play.classloading.ApplicationCompiler.compile(ApplicationCompiler.java:314)
	at play.classloading.ApplicationClasses$ApplicationClass.compile(ApplicationClasses.java:315)
	at play.classloading.ApplicationClassloader.detectChanges(ApplicationClassloader.java:334)
	at play.Play.detectChanges(Play.java:663)
	at play.Invoker$Invocation.init(Invoker.java:220)
	at Invocation.HTTP Request(Play!)
05 Jan 2021 21:25:41,091 INFO  ~ Restart: Signature change !
